mode: set
/home/raramuri/GoLang/web/server.go:19.53,23.31 1 1
/home/raramuri/GoLang/web/server.go:23.31,26.3 1 1
/home/raramuri/GoLang/web/server.go:26.8,29.3 1 1
/home/raramuri/GoLang/web/server.go:32.61,39.2 2 1
/home/raramuri/GoLang/web/server.go:41.62,52.16 5 1
/home/raramuri/GoLang/web/server.go:57.2,57.23 1 1
/home/raramuri/GoLang/web/server.go:52.16,55.3 2 0
/home/raramuri/GoLang/web/server.go:57.23,60.3 1 1
/home/raramuri/GoLang/web/server.go:60.8,62.3 1 1
/home/raramuri/GoLang/web/server.go:83.29,85.16 2 0
/home/raramuri/GoLang/web/server.go:88.2,90.27 2 0
/home/raramuri/GoLang/web/server.go:85.16,86.21 1 0
/home/raramuri/GoLang/web/server.go:90.27,92.17 2 0
/home/raramuri/GoLang/web/server.go:92.17,93.22 1 0
/home/raramuri/GoLang/web/server.go:98.30,100.16 2 0
/home/raramuri/GoLang/web/server.go:103.2,105.28 2 0
/home/raramuri/GoLang/web/server.go:100.16,101.21 1 0
/home/raramuri/GoLang/web/server.go:105.28,110.17 5 0
/home/raramuri/GoLang/web/server.go:110.17,111.22 1 0
/home/raramuri/GoLang/web/server.go:116.50,122.13 4 1
/home/raramuri/GoLang/web/server.go:127.2,129.16 2 1
/home/raramuri/GoLang/web/server.go:133.2,135.18 2 1
/home/raramuri/GoLang/web/server.go:142.2,142.17 1 1
/home/raramuri/GoLang/web/server.go:122.13,125.3 2 1
/home/raramuri/GoLang/web/server.go:129.16,130.21 1 0
/home/raramuri/GoLang/web/server.go:135.18,137.149 2 1
/home/raramuri/GoLang/web/server.go:140.3,140.33 1 1
/home/raramuri/GoLang/web/server.go:137.149,139.4 1 0
/home/raramuri/GoLang/web/server.go:145.57,148.16 3 0
/home/raramuri/GoLang/web/server.go:152.2,152.34 1 0
/home/raramuri/GoLang/web/server.go:148.17,151.3 0 0
/home/raramuri/GoLang/web/server.go:152.34,154.17 2 0
/home/raramuri/GoLang/web/server.go:157.3,159.22 3 0
/home/raramuri/GoLang/web/server.go:167.3,167.38 1 0
/home/raramuri/GoLang/web/server.go:154.17,155.22 1 0
/home/raramuri/GoLang/web/server.go:159.22,161.154 2 0
/home/raramuri/GoLang/web/server.go:164.4,164.34 1 0
/home/raramuri/GoLang/web/server.go:161.154,163.5 1 0
/home/raramuri/GoLang/web/server.go:168.8,170.17 2 0
/home/raramuri/GoLang/web/server.go:173.3,175.22 3 0
/home/raramuri/GoLang/web/server.go:183.3,183.38 1 0
/home/raramuri/GoLang/web/server.go:170.17,171.22 1 0
/home/raramuri/GoLang/web/server.go:175.22,177.154 2 0
/home/raramuri/GoLang/web/server.go:180.4,180.34 1 0
/home/raramuri/GoLang/web/server.go:177.154,179.5 1 0
/home/raramuri/GoLang/web/server.go:194.46,201.16 4 0
/home/raramuri/GoLang/web/server.go:204.2,207.12 3 0
/home/raramuri/GoLang/web/server.go:201.16,203.3 1 0
/home/raramuri/GoLang/web/server.go:210.58,215.2 4 0
/home/raramuri/GoLang/web/server.go:217.13,218.18 1 0
/home/raramuri/GoLang/web/server.go:221.2,224.18 3 0
/home/raramuri/GoLang/web/server.go:229.2,234.46 5 0
/home/raramuri/GoLang/web/server.go:218.18,219.15 1 0
/home/raramuri/GoLang/web/server.go:224.18,225.23 1 0
